<?xml version="1.0" encoding="UTF-8"?>
<testsuites name="Mocha Tests" time="0.0000" tests="2" failures="2">
  <testsuite name="Root Suite" timestamp="2023-05-13T14:09:34" tests="0" file="tests/e2e/specs/loginTesting.js" time="0.0000" failures="0">
  </testsuite>
  <testsuite name="Login" timestamp="2023-05-13T14:09:34" tests="2" time="0.0000" failures="2">
    <testcase name="Login should display an error message for invalid login credentials" time="0.0000" classname="should display an error message for invalid login credentials">
      <failure message="`cy.visit()` failed trying to load:

/login

We failed looking for this file at the path:

/git/Azure-Repos/clientside/webshop/login

The internal Cypress web server responded with:

  &gt; 404: Not Found" type="CypressError"><![CDATA[CypressError: `cy.visit()` failed trying to load:

/login

We failed looking for this file at the path:

/git/Azure-Repos/clientside/webshop/login

The internal Cypress web server responded with:

  > 404: Not Found
    at http://localhost:1592/__cypress/runner/cypress_runner.js:163591:84
    at visitFailedByErr (http://localhost:1592/__cypress/runner/cypress_runner.js:162912:12)
    at http://localhost:1592/__cypress/runner/cypress_runner.js:163571:13
    at tryCatcher (http://localhost:1592/__cypress/runner/cypress_runner.js:13022:23)
    at Promise._settlePromiseFromHandler (http://localhost:1592/__cypress/runner/cypress_runner.js:10957:31)
    at Promise._settlePromise (http://localhost:1592/__cypress/runner/cypress_runner.js:11014:18)
    at Promise._settlePromise0 (http://localhost:1592/__cypress/runner/cypress_runner.js:11059:10)
    at Promise._settlePromises (http://localhost:1592/__cypress/runner/cypress_runner.js:11135:18)
    at _drainQueueStep (http://localhost:1592/__cypress/runner/cypress_runner.js:7729:12)
    at _drainQueue (http://localhost:1592/__cypress/runner/cypress_runner.js:7722:9)
    at Async.../../node_modules/bluebird/js/release/async.js.Async._drainQueues (http://localhost:1592/__cypress/runner/cypress_runner.js:7738:5)
    at Async.drainQueues (http://localhost:1592/__cypress/runner/cypress_runner.js:7608:14)
From Your Spec Code:
    at Context.eval (http://localhost:1592/__cypress/tests?p=tests\e2e\specs\loginTesting.js:102:8)]]></failure>
    </testcase>
    <testcase name="Login should display an error message for an incorrect password" time="0.0000" classname="should display an error message for an incorrect password">
      <failure message="`cy.visit()` failed trying to load:

/login

We failed looking for this file at the path:

/git/Azure-Repos/clientside/webshop/login

The internal Cypress web server responded with:

  &gt; 404: Not Found" type="CypressError"><![CDATA[CypressError: `cy.visit()` failed trying to load:

/login

We failed looking for this file at the path:

/git/Azure-Repos/clientside/webshop/login

The internal Cypress web server responded with:

  > 404: Not Found
    at http://localhost:1592/__cypress/runner/cypress_runner.js:163591:84
    at visitFailedByErr (http://localhost:1592/__cypress/runner/cypress_runner.js:162912:12)
    at http://localhost:1592/__cypress/runner/cypress_runner.js:163571:13
    at tryCatcher (http://localhost:1592/__cypress/runner/cypress_runner.js:13022:23)
    at Promise._settlePromiseFromHandler (http://localhost:1592/__cypress/runner/cypress_runner.js:10957:31)
    at Promise._settlePromise (http://localhost:1592/__cypress/runner/cypress_runner.js:11014:18)
    at Promise._settlePromise0 (http://localhost:1592/__cypress/runner/cypress_runner.js:11059:10)
    at Promise._settlePromises (http://localhost:1592/__cypress/runner/cypress_runner.js:11135:18)
    at _drainQueueStep (http://localhost:1592/__cypress/runner/cypress_runner.js:7729:12)
    at _drainQueue (http://localhost:1592/__cypress/runner/cypress_runner.js:7722:9)
    at Async.../../node_modules/bluebird/js/release/async.js.Async._drainQueues (http://localhost:1592/__cypress/runner/cypress_runner.js:7738:5)
    at Async.drainQueues (http://localhost:1592/__cypress/runner/cypress_runner.js:7608:14)
From Your Spec Code:
    at Context.eval (http://localhost:1592/__cypress/tests?p=tests\e2e\specs\loginTesting.js:115:8)]]></failure>
    </testcase>
  </testsuite>
</testsuites>